=======================================================
Gate.io HFT Bot - 2026-06-27 13:14:14.105315
参数: TP=0.3% SL=0.1% TH=0.5
限价滑点: 0.02%
=======================================================
[启动] 检查持仓和已有订单...
 [S@60246] [止盈空限价25454958 @$60065] [止损空条件81248768 @$60306]  ✅
[任务1] 下载 500 根历史K线预热...
  已加载 500 根 ✅

最后K线: 13:14
运行中...

 [S@60246] [止盈空已就位 @$60065] [止损空已就位 @$60306] [S@60246] [止盈空已就位 @$60065] [止损空已就位 @$60306] [S@60246] [止盈空已就位 @$60065] [止损空已就位 @$60306]
[13:15] O:60279 H:60279 L:60279 C:60279  [仓位存在: short] [S@60246] [止盈空已就位 @$60065] [止损空已就位 @$60306] [S@60246] [止盈空已就位 @$60065] [止损空已就位 @$60306] [S@60246] [止盈空已就位 @$60065] [止损空已就位 @$60306] [S@60246] [止盈空已就位 @$60065] [止损空已就位 @$60306] [S@60246] [止盈空已就位 @$60065] [止损空已就位 @$60306] [S@60246] [止盈空已就位 @$60065] [止损空已就位 @$60306]
[13:16] O:60248 H:60248 L:60248 C:60248  [仓位存在: short] [S@60246] [止盈空已就位 @$60065] [止损空已就位 @$60306] [S@60246] [止盈空已就位 @$60065] [止损空已就位 @$60306] [S@60246] [止盈空已就位 @$60065] [止损空已就位 @$60306] [S@60246] [止盈空已就位 @$60065] [止损空已就位 @$60306] [S@60246] [止盈空已就位 @$60065] [止损空已就位 @$60306]
[13:17] O:60214 H:60214 L:60214 C:60214  [仓位存在: short] [S@60246] [止盈空已就位 @$60065] [止损空已就位 @$60306] [S@60246] [止盈空已就位 @$60065] [止损空已就位 @$60306] [S@60246] [止盈空已就位 @$60065] [止损空已就位 @$60306] [S@60246] [止盈空已就位 @$60065] [止损空已就位 @$60306] [S@60246] [止盈空已就位 @$60065] [止损空已就位 @$60306] [S@60246] [止盈空已就位 @$60065] [止损空已就位 @$60306]
[13:18] O:60236 H:60236 L:60236 C:60236  [仓位存在: short] [S@60246] [止盈空已就位 @$60065] [止损空已就位 @$60306] [S@60246] [止盈空已就位 @$60065] [止损空已就位 @$60306] [S@60246] [止盈空已就位 @$60065] [止损空已就位 @$60306] [S@60246] [止盈空已就位 @$60065] [止损空已就位 @$60306] [S@60246] [止盈空已就位 @$60065] [止损空已就位 @$60306]
[13:19] O:60231 H:60231 L:60231 C:60231  [仓位存在: short] [S@60246] [止盈空已就位 @$60065] [止损空已就位 @$60306] [S@60246] [止盈空已就位 @$60065] [止损空已就位 @$60306] [S@60246] [止盈空已就位 @$60065] [止损空已就位 @$60306] [S@60246] [止盈空已就位 @$60065] [止损空已就位 @$60306] [S@60246] [止盈空已就位 @$60065] [止损空已就位 @$60306] [S@60246] [止盈空已就位 @$60065] [止损空已就位 @$60306]
[13:20] O:60238 H:60238 L:60238 C:60238  [仓位存在: short] [S@60246] [止盈空已就位 @$60065] [止损空已就位 @$60306] [S@60246] [止盈空已就位 @$60065] [止损空已就位 @$60306] [S@60246] [止盈空已就位 @$60065] [止损空已就位 @$60306] [S@60246] [止盈空已就位 @$60065] [止损空已就位 @$60306] [S@60246] [止盈空已就位 @$60065] [止损空已就位 @$60306]
[13:21] O:60240 H:60240 L:60240 C:60240  [仓位存在: short] [S@60246] [止盈空已就位 @$60065] [止损空已就位 @$60306] [S@60246] [止盈空已就位 @$60065] [止损空已就位 @$60306] [S@60246] [止盈空已就位 @$60065] [止损空已就位 @$60306] [S@60246] [止盈空已就位 @$60065] [止损空已就位 @$60306] [S@60246] [止盈空已就位 @$60065] [止损空已就位 @$60306] [S@60246] [止盈空已就位 @$60065] [止损空已就位 @$60306]
[13:22] O:60240 H:60250 L:60240 C:60250  [仓位存在: short] [S@60246] [止盈空已就位 @$60065] [止损空已就位 @$60306] [S@60246] [止盈空已就位 @$60065] [止损空已就位 @$60306] [S@60246] [止盈空已就位 @$60065] [止损空已就位 @$60306] [S@60246] [止盈空已就位 @$60065] [止损空已就位 @$60306] [S@60246] [止盈空已就位 @$60065] [止损空已就位 @$60306]
[13:23] O:60245 H:60245 L:60245 C:60245  [仓位存在: short] [S@60246] [止盈空已就位 @$60065] [止损空已就位 @$60306] [S@60246] [止盈空已就位 @$60065] [止损空已就位 @$60306] [S@60246] [止盈空已就位 @$60065] [止损空已就位 @$60306] [S@60246] [止盈空已就位 @$60065] [止损空已就位 @$60306] [S@60246] [止盈空已就位 @$60065] [止损空已就位 @$60306] [S@60246] [止盈空已就位 @$60065] [止损空已就位 @$60306]
[13:24] O:60234 H:60234 L:60234 C:60234  [仓位存在: short] [S@60246] [止盈空已就位 @$60065] [止损空已就位 @$60306] [S@60246] [止盈空已就位 @$60065] [止损空已就位 @$60306] [S@60246] [止盈空已就位 @$60065] [止损空已就位 @$60306] [S@60246] [止盈空已就位 @$60065] [止损空已就位 @$60306] [S@60246] [止盈空已就位 @$60065] [止损空已就位 @$60306]
[13:25] O:60244 H:60244 L:60244 C:60244  [仓位存在: short] [S@60246] [止盈空已就位 @$60065] [止损空已就位 @$60306] [S@60246] [止盈空已就位 @$60065] [止损空已就位 @$60306] [S@60246] [止盈空已就位 @$60065] [止损空已就位 @$60306] [S@60246] [止盈空已就位 @$60065] [止损空已就位 @$60306] [S@60246] [止盈空已就位 @$60065] [止损空已就位 @$60306]
[13:26] O:60240 H:60240 L:60240 C:60240  [仓位存在: short] [S@60246] [止盈空已就位 @$60065] [止损空已就位 @$60306] [S@60246] [止盈空已就位 @$60065] [止损空已就位 @$60306] [S@60246] [止盈空已就位 @$60065] [止损空已就位 @$60306] [S@60246] [止盈空已就位 @$60065] [止损空已就位 @$60306] [S@60246] [止盈空已就位 @$60065] [止损空已就位 @$60306] [S@60246] [止盈空已就位 @$60065] [止损空已就位 @$60306]
[13:27] O:60227 H:60227 L:60227 C:60227  [仓位存在: short] [S@60246] [止盈空已就位 @$60065] [止损空已就位 @$60306] [S@60246] [止盈空已就位 @$60065] [止损空已就位 @$60306] [S@60246] [止盈空已就位 @$60065] [止损空已就位 @$60306] [S@60246] [止盈空已就位 @$60065] [止损空已就位 @$60306] [S@60246] [止盈空已就位 @$60065] [止损空已就位 @$60306]
[13:28] O:60232 H:60232 L:60232 C:60232  [仓位存在: short] [S@60246] [止盈空已就位 @$60065] [止损空已就位 @$60306] [S@60246] [止盈空已就位 @$60065] [止损空已就位 @$60306] [S@60246] [止盈空已就位 @$60065] [止损空已就位 @$60306] [S@60246] [止盈空已就位 @$60065] [止损空已就位 @$60306] ⚠️仓已平 [清止损81248768]
[13:29] O:60165 H:60165 L:60165 C:60165 📊信号开L @$60165 tp$60346 sl$60105 订单:360288323258... [L@60165] [止盈多限价25821005 @$60346] [止损多条件03010816 @$60105] [L@60165] [止盈多已就位 @$60346] [止损多已就位 @$60105] [L@60165] [止盈多已就位 @$60346] [止损多已就位 @$60105] [L@60165] [止盈多已就位 @$60346] [止损多已就位 @$60105] [L@60165] [止盈多已就位 @$60346] [止损多已就位 @$60105]
[13:30] O:60134 H:60134 L:60134 C:60134  [仓位存在: long] [L@60165] [止盈多已就位 @$60346] [止损多已就位 @$60105] [L@60165] [止盈多已就位 @$60346] [止损多已就位 @$60105] [L@60165] [止盈多已就位 @$60346] [止损多已就位 @$60105] [L@60165] [止盈多已就位 @$60346] [止损多已就位 @$60105] [L@60165] [止盈多已就位 @$60346] [止损多已就位 @$60105] [L@60165] [止盈多已就位 @$60346] [止损多已就位 @$60105]
[13:31] O:60163 H:60163 L:60163 C:60163  [仓位存在: long] [L@60165] [止盈多已就位 @$60346] [止损多已就位 @$60105] ⚠️仓已平
[13:32] O:60130 H:60130 L:60130 C:60130 📊信号开L @$60130 tp$60310 sl$60070 订单:360288323259... [L@60130] [止盈多限价25952079 @$60310] [止损多条件65419264 @$60070] [L@60130] [止盈多已就位 @$60310] [止损多已就位 @$60070] [L@60130] [止盈多已就位 @$60310] [止损多已就位 @$60070] [L@60130] [止盈多已就位 @$60310] [止损多已就位 @$60070] [L@60130] [止盈多已就位 @$60310] [止损多已就位 @$60070] [L@60130] [止盈多已就位 @$60310] [止损多已就位 @$60070]
[13:33] O:60173 H:60173 L:60173 C:60173  [仓位存在: long] [L@60130] [止盈多已就位 @$60310] [止损多已就位 @$60070] [L@60130] [止盈多已就位 @$60310] [止损多已就位 @$60070] [L@60130] [止盈多已就位 @$60310] [止损多已就位 @$60070] [L@60130] [止盈多已就位 @$60310] [止损多已就位 @$60070] [L@60130] [止盈多已就位 @$60310] [止损多已就位 @$60070]
[13:34] O:60149 H:60149 L:60149 C:60149  [仓位存在: long] [L@60130] [止盈多已就位 @$60310] [止损多已就位 @$60070] [L@60130] [止盈多已就位 @$60310] [止损多已就位 @$60070] [L@60130] [止盈多已就位 @$60310] [止损多已就位 @$60070] [L@60130] [止盈多已就位 @$60310] [止损多已就位 @$60070] [L@60130] [止盈多已就位 @$60310] [止损多已就位 @$60070]
[13:35] O:60194 H:60194 L:60194 C:60194  [仓位存在: long] [L@60130] [止盈多已就位 @$60310] [止损多已就位 @$60070] [L@60130] [止盈多已就位 @$60310] [止损多已就位 @$60070] [L@60130] [止盈多已就位 @$60310] [止损多已就位 @$60070] [L@60130] [止盈多已就位 @$60310] [止损多已就位 @$60070] [L@60130] [止盈多已就位 @$60310] [止损多已就位 @$60070] [L@60130] [止盈多已就位 @$60310] [止损多已就位 @$60070]
[13:36] O:60184 H:60184 L:60184 C:60184  [仓位存在: long] [L@60130] [止盈多已就位 @$60310] [止损多已就位 @$60070] [L@60130] [止盈多已就位 @$60310] [止损多已就位 @$60070] [L@60130] [止盈多已就位 @$60310] [止损多已就位 @$60070] [L@60130] [止盈多已就位 @$60310] [止损多已就位 @$60070] [L@60130] [止盈多已就位 @$60310] [止损多已就位 @$60070]
[13:37] O:60192 H:60192 L:60192 C:60192  [仓位存在: long] [L@60130] [止盈多已就位 @$60310] [止损多已就位 @$60070] [L@60130] [止盈多已就位 @$60310] [止损多已就位 @$60070] [L@60130] [止盈多已就位 @$60310] [止损多已就位 @$60070] [L@60130] [止盈多已就位 @$60310] [止损多已就位 @$60070] [L@60130] [止盈多已就位 @$60310] [止损多已就位 @$60070] [L@60130] [止盈多已就位 @$60310] [止损多已就位 @$60070]
[13:38] O:60190 H:60190 L:60190 C:60190  [仓位存在: long] [L@60130] [止盈多已就位 @$60310] [止损多已就位 @$60070] [L@60130] [止盈多已就位 @$60310] [止损多已就位 @$60070] [L@60130] [止盈多已就位 @$60310] [止损多已就位 @$60070] [L@60130] [止盈多已就位 @$60310] [止损多已就位 @$60070] [L@60130] [止盈多已就位 @$60310] [止损多已就位 @$60070]
[13:39] O:60176 H:60176 L:60176 C:60176  [仓位存在: long] [L@60130] [止盈多已就位 @$60310] [止损多已就位 @$60070] [L@60130] [止盈多已就位 @$60310] [止损多已就位 @$60070] [L@60130] [止盈多已就位 @$60310] [止损多已就位 @$60070] [L@60130] [止盈多已就位 @$60310] [止损多已就位 @$60070] [L@60130] [止盈多已就位 @$60310] [止损多已就位 @$60070]