[2026-06-27 03:29:54] ==================================================
[2026-06-27 03:29:54] Watchdog 启动 (PID=237054)
[2026-06-27 03:29:54] 检查间隔: 60s | 日志超时: 300s
[2026-06-27 03:29:54] ==================================================
[2026-06-27 03:29:54] [WARN] 主进程未找到
[2026-06-27 03:29:54] [STALE] 主进程已消失，准备重启
[2026-06-27 03:29:54] [ACTION] 启动 HFT Bot...
[2026-06-27 03:29:54] [OK] 已启动, PID=237057
[2026-06-27 03:30:54] [OK] 进程运行中 PID=[237057]
[2026-06-27 03:31:58] [OK] 进程运行中 PID=[237057]
[2026-06-27 03:33:01] [OK] 进程运行中 PID=[237057]
[2026-06-27 03:34:04] [OK] 进程运行中 PID=[237057]
[2026-06-27 03:35:08] [OK] 进程运行中 PID=[237057]
[2026-06-27 03:36:12] [OK] 进程运行中 PID=[237057]
[2026-06-27 03:37:15] [OK] 进程运行中 PID=[237057]
[2026-06-27 03:38:18] [OK] 进程运行中 PID=[237057]
[2026-06-27 03:39:22] [OK] 进程运行中 PID=[237057]
[2026-06-27 03:40:25] [OK] 进程运行中 PID=[237057]
[2026-06-27 03:41:28] [OK] 进程运行中 PID=[237057]
[2026-06-27 03:42:31] [OK] 进程运行中 PID=[237057]
[2026-06-27 03:43:35] [OK] 进程运行中 PID=[237057]
[2026-06-27 03:44:38] [OK] 进程运行中 PID=[237057]
[2026-06-27 03:45:42] [OK] 进程运行中 PID=[237057]
[2026-06-27 03:46:45] [OK] 进程运行中 PID=[237057]
[2026-06-27 03:47:10] ==================================================
[2026-06-27 03:47:10] Watchdog 启动 (PID=241673)
[2026-06-27 03:47:10] 检查间隔: 60s | 日志超时: 300s
[2026-06-27 03:47:10] ==================================================
[2026-06-27 03:47:10] [OK] 进程运行中 PID=[241669]
[2026-06-27 03:47:41] ==================================================
[2026-06-27 03:47:41] Watchdog 启动 (PID=241814)
[2026-06-27 03:47:41] 检查间隔: 60s | 日志超时: 300s
[2026-06-27 03:47:41] ==================================================
[2026-06-27 03:47:41] [WARN] 主进程未找到
[2026-06-27 03:47:41] [STALE] 主进程已消失，准备重启
[2026-06-27 03:47:41] [ACTION] 启动 HFT Bot...
[2026-06-27 03:47:41] [OK] 已启动, PID=241817
[2026-06-27 03:48:41] [OK] 进程运行中 PID=[241817]
[2026-06-27 03:49:45] [OK] 进程运行中 PID=[241817]
[2026-06-27 03:50:48] [OK] 进程运行中 PID=[241817]
[2026-06-27 03:51:04] ==================================================
[2026-06-27 03:51:04] Watchdog 启动 (PID=242650)
[2026-06-27 03:51:04] 检查间隔: 60s | 日志超时: 300s
[2026-06-27 03:51:04] ==================================================
[2026-06-27 03:51:04] [WARN] 主进程未找到
[2026-06-27 03:51:04] [STALE] 主进程已消失，准备重启
[2026-06-27 03:51:04] [ACTION] 启动 HFT Bot...
[2026-06-27 03:51:04] [OK] 已启动, PID=242653
[2026-06-27 03:52:04] [OK] 进程运行中 PID=[242653]
[2026-06-27 03:53:07] [WARN] 主进程未找到
[2026-06-27 03:53:07] [STALE] 主进程已消失，准备重启
[2026-06-27 03:53:07] [ACTION] 启动 HFT Bot...
[2026-06-27 03:53:07] [OK] 已启动, PID=243361
[2026-06-27 03:54:07] [WARN] 主进程未找到
[2026-06-27 03:54:07] [STALE] 主进程已消失，准备重启
[2026-06-27 03:54:07] [ACTION] 启动 HFT Bot...
[2026-06-27 03:54:07] [OK] 已启动, PID=243609
[2026-06-27 03:55:07] [OK] 进程运行中 PID=[243609]
[2026-06-27 03:56:11] [OK] 进程运行中 PID=[243609]
[2026-06-27 03:57:14] [OK] 进程运行中 PID=[243609]
[2026-06-27 03:58:17] [WARN] 主进程未找到
[2026-06-27 03:58:17] [STALE] 主进程已消失，准备重启
[2026-06-27 03:58:17] [ACTION] 启动 HFT Bot...
[2026-06-27 03:58:17] [OK] 已启动, PID=244795
[2026-06-27 03:59:17] [OK] 进程运行中 PID=[244795, 244824, 244826]
[2026-06-27 04:00:20] [OK] 进程运行中 PID=[244795, 244824, 244826]
[2026-06-27 04:01:24] [OK] 进程运行中 PID=[244795, 244824, 244826]
[2026-06-27 04:02:27] [OK] 进程运行中 PID=[244795, 244824, 244826]
[2026-06-27 04:03:31] [OK] 进程运行中 PID=[245884, 245886]
[2026-06-27 04:04:34] [OK] 进程运行中 PID=[246306, 246308, 246480, 246481, 246482]
[2026-06-27 04:05:37] [OK] 进程运行中 PID=[246735, 246738, 246740]
[2026-06-27 04:06:40] [OK] 进程运行中 PID=[246738, 246740]
[2026-06-27 04:07:45] [OK] 进程运行中 PID=[246738, 246740]
[2026-06-27 04:08:48] [WARN] 主进程未找到
[2026-06-27 04:08:48] [STALE] 主进程已消失，准备重启
[2026-06-27 04:08:48] [ACTION] 启动 HFT Bot...
[2026-06-27 04:08:48] [OK] 已启动, PID=247731
[2026-06-27 04:09:48] [OK] 进程运行中 PID=[247731, 247768, 247770]
[2026-06-27 04:10:52] [OK] 进程运行中 PID=[247768, 247770]
[2026-06-27 04:11:55] [OK] 进程运行中 PID=[247768, 247770]
[2026-06-27 04:12:58] [OK] 进程运行中 PID=[248708, 248709, 248711]
[2026-06-27 04:14:02] [OK] 进程运行中 PID=[248709, 248711]
[2026-06-27 04:15:06] [OK] 进程运行中 PID=[249234, 249237]
[2026-06-27 04:16:09] [OK] 进程运行中 PID=[249697, 249698, 249700]
[2026-06-27 04:17:12] [OK] 进程运行中 PID=[249698, 249700]
[2026-06-27 04:18:16] [OK] 进程运行中 PID=[249698, 249700]
[2026-06-27 04:19:19] [OK] 进程运行中 PID=[249698, 249700]
[2026-06-27 04:20:22] [OK] 进程运行中 PID=[249698, 249700]
[2026-06-27 04:21:26] [OK] 进程运行中 PID=[249698, 249700]
[2026-06-27 04:22:29] [OK] 进程运行中 PID=[251315]
[2026-06-27 04:23:32] [OK] 进程运行中 PID=[251315]
[2026-06-27 04:24:36] [OK] 进程运行中 PID=[251926]
[2026-06-27 04:25:39] [OK] 进程运行中 PID=[251926]
[2026-06-27 04:26:42] [WARN] 主进程未找到
[2026-06-27 04:26:42] [STALE] 主进程已消失，准备重启
[2026-06-27 04:26:42] [ACTION] 启动 HFT Bot...
[2026-06-27 04:26:42] [OK] 已启动, PID=252604
[2026-06-27 04:27:42] [OK] 进程运行中 PID=[252604, 252639]
[2026-06-27 04:28:46] [OK] 进程运行中 PID=[252890]
[2026-06-27 04:29:49] [OK] 进程运行中 PID=[253119]
[2026-06-27 04:30:52] [OK] 进程运行中 PID=[253119]
[2026-06-27 04:31:56] [WARN] 主进程未找到
[2026-06-27 04:31:56] [STALE] 主进程已消失，准备重启
[2026-06-27 04:31:56] [ACTION] 启动 HFT Bot...
[2026-06-27 04:31:56] [OK] 已启动, PID=254032
[2026-06-27 04:32:56] [OK] 进程运行中 PID=[254032]
[2026-06-27 04:33:59] [OK] 进程运行中 PID=[254032]
[2026-06-27 04:35:03] [OK] 进程运行中 PID=[254032]
[2026-06-27 04:36:06] [OK] 进程运行中 PID=[254032]
[2026-06-27 04:37:10] [OK] 进程运行中 PID=[255429, 255431]
[2026-06-27 04:38:13] [OK] 进程运行中 PID=[255431]
[2026-06-27 04:39:17] [OK] 进程运行中 PID=[255431]
[2026-06-27 04:40:20] [WARN] 主进程未找到
[2026-06-27 04:40:20] [STALE] 主进程已消失，准备重启
[2026-06-27 04:40:20] [ACTION] 启动 HFT Bot...
[2026-06-27 04:40:20] [OK] 已启动, PID=256417
[2026-06-27 04:41:20] [OK] 进程运行中 PID=[256426]
[2026-06-27 04:42:23] [OK] 进程运行中 PID=[256426, 256894, 256895]
[2026-06-27 04:43:27] [OK] 进程运行中 PID=[257043]
[2026-06-27 04:44:30] [OK] 进程运行中 PID=[257043]
[2026-06-27 04:45:33] [OK] 进程运行中 PID=[257043]
[2026-06-27 04:46:37] [OK] 进程运行中 PID=[257043]
[2026-06-27 04:47:40] [OK] 进程运行中 PID=[257043]
[2026-06-27 04:48:43] [OK] 进程运行中 PID=[257043]
[2026-06-27 04:49:47] [OK] 进程运行中 PID=[257043]
[2026-06-27 04:50:50] [OK] 进程运行中 PID=[257043]
[2026-06-27 04:51:53] [OK] 进程运行中 PID=[257043]
[2026-06-27 04:52:56] [OK] 进程运行中 PID=[257043]
[2026-06-27 04:54:00] [OK] 进程运行中 PID=[257043]
[2026-06-27 04:55:03] [OK] 进程运行中 PID=[257043]
[2026-06-27 04:56:07] [OK] 进程运行中 PID=[257043]
[2026-06-27 04:57:10] [OK] 进程运行中 PID=[257043]
[2026-06-27 04:58:14] [OK] 进程运行中 PID=[257043]
[2026-06-27 04:59:17] [OK] 进程运行中 PID=[257043]
[2026-06-27 05:00:20] [OK] 进程运行中 PID=[257043]
[2026-06-27 05:01:24] [OK] 进程运行中 PID=[257043]
[2026-06-27 05:02:27] [OK] 进程运行中 PID=[257043]
[2026-06-27 05:03:30] [OK] 进程运行中 PID=[257043]
[2026-06-27 05:04:34] [OK] 进程运行中 PID=[257043]
[2026-06-27 05:05:37] [OK] 进程运行中 PID=[257043]
[2026-06-27 05:06:40] [OK] 进程运行中 PID=[257043]
[2026-06-27 05:07:44] [OK] 进程运行中 PID=[257043]
[2026-06-27 05:08:47] [OK] 进程运行中 PID=[257043]
[2026-06-27 05:09:50] [OK] 进程运行中 PID=[257043]
[2026-06-27 05:10:53] [OK] 进程运行中 PID=[257043]
[2026-06-27 05:11:57] [OK] 进程运行中 PID=[257043]
[2026-06-27 05:13:00] [OK] 进程运行中 PID=[257043]
[2026-06-27 05:14:03] [OK] 进程运行中 PID=[257043]
[2026-06-27 05:15:06] [OK] 进程运行中 PID=[257043]
[2026-06-27 05:16:10] [OK] 进程运行中 PID=[257043]
[2026-06-27 05:17:13] [OK] 进程运行中 PID=[257043]
[2026-06-27 05:18:16] [OK] 进程运行中 PID=[257043]
[2026-06-27 05:19:19] [OK] 进程运行中 PID=[257043]
[2026-06-27 05:20:23] [OK] 进程运行中 PID=[257043]
[2026-06-27 05:21:26] [OK] 进程运行中 PID=[257043]
[2026-06-27 05:22:29] [OK] 进程运行中 PID=[257043]
[2026-06-27 05:23:33] [OK] 进程运行中 PID=[257043]
[2026-06-27 05:24:36] [OK] 进程运行中 PID=[257043]
[2026-06-27 05:25:39] [OK] 进程运行中 PID=[257043]
[2026-06-27 05:26:42] [OK] 进程运行中 PID=[257043]
[2026-06-27 05:27:46] [OK] 进程运行中 PID=[257043]
[2026-06-27 05:28:49] [OK] 进程运行中 PID=[257043]
[2026-06-27 05:29:52] [OK] 进程运行中 PID=[257043]
[2026-06-27 05:30:55] [OK] 进程运行中 PID=[257043]
[2026-06-27 05:31:58] [OK] 进程运行中 PID=[257043]
[2026-06-27 05:33:02] [OK] 进程运行中 PID=[257043]
[2026-06-27 05:34:05] [OK] 进程运行中 PID=[257043]
[2026-06-27 05:35:08] [OK] 进程运行中 PID=[257043]
[2026-06-27 05:36:12] [OK] 进程运行中 PID=[257043]
[2026-06-27 05:37:15] [OK] 进程运行中 PID=[257043]
[2026-06-27 05:38:19] [OK] 进程运行中 PID=[257043]
[2026-06-27 05:39:22] [OK] 进程运行中 PID=[257043]
[2026-06-27 05:40:25] [OK] 进程运行中 PID=[257043]
[2026-06-27 05:41:28] [OK] 进程运行中 PID=[257043]
[2026-06-27 05:42:31] [OK] 进程运行中 PID=[257043]
[2026-06-27 05:43:35] [OK] 进程运行中 PID=[257043]
[2026-06-27 05:44:39] [OK] 进程运行中 PID=[257043]
[2026-06-27 05:45:42] [OK] 进程运行中 PID=[257043]
[2026-06-27 05:46:45] [OK] 进程运行中 PID=[257043]
[2026-06-27 05:47:48] [OK] 进程运行中 PID=[257043]
[2026-06-27 05:48:51] [OK] 进程运行中 PID=[257043]
[2026-06-27 05:49:55] [OK] 进程运行中 PID=[257043]
[2026-06-27 05:50:58] [OK] 进程运行中 PID=[257043]
[2026-06-27 05:52:01] [OK] 进程运行中 PID=[257043]
[2026-06-27 05:53:04] [OK] 进程运行中 PID=[257043]
[2026-06-27 05:54:07] [OK] 进程运行中 PID=[257043]
[2026-06-27 05:55:11] [OK] 进程运行中 PID=[257043]
[2026-06-27 05:56:14] [OK] 进程运行中 PID=[257043]
[2026-06-27 05:57:17] [OK] 进程运行中 PID=[257043]
[2026-06-27 05:58:20] [OK] 进程运行中 PID=[257043]
[2026-06-27 05:59:24] [OK] 进程运行中 PID=[257043]
[2026-06-27 06:00:27] [OK] 进程运行中 PID=[257043]
[2026-06-27 06:01:30] [OK] 进程运行中 PID=[257043]
[2026-06-27 06:02:33] [OK] 进程运行中 PID=[257043]
[2026-06-27 06:03:36] [OK] 进程运行中 PID=[257043]
[2026-06-27 06:04:40] [OK] 进程运行中 PID=[257043]
[2026-06-27 06:05:43] [OK] 进程运行中 PID=[257043]
[2026-06-27 06:06:46] [OK] 进程运行中 PID=[257043]
[2026-06-27 06:07:49] [OK] 进程运行中 PID=[257043]
[2026-06-27 06:08:53] [OK] 进程运行中 PID=[257043]
[2026-06-27 06:09:56] [OK] 进程运行中 PID=[257043]
[2026-06-27 06:10:59] [OK] 进程运行中 PID=[257043]
[2026-06-27 06:12:03] [OK] 进程运行中 PID=[257043]
[2026-06-27 06:13:06] [OK] 进程运行中 PID=[257043]
[2026-06-27 06:14:10] [OK] 进程运行中 PID=[257043]
[2026-06-27 06:15:13] [OK] 进程运行中 PID=[257043]
[2026-06-27 06:16:16] [OK] 进程运行中 PID=[257043]
[2026-06-27 06:17:20] [OK] 进程运行中 PID=[257043]
[2026-06-27 06:18:23] [OK] 进程运行中 PID=[257043]
[2026-06-27 06:19:26] [OK] 进程运行中 PID=[257043]
[2026-06-27 06:20:30] [OK] 进程运行中 PID=[257043]
[2026-06-27 06:21:33] [OK] 进程运行中 PID=[257043]
[2026-06-27 06:22:37] [OK] 进程运行中 PID=[257043]
[2026-06-27 06:23:40] [OK] 进程运行中 PID=[257043]
[2026-06-27 06:24:43] [OK] 进程运行中 PID=[257043]
[2026-06-27 06:25:47] [OK] 进程运行中 PID=[257043]
[2026-06-27 06:26:50] [OK] 进程运行中 PID=[257043]
[2026-06-27 06:27:53] [OK] 进程运行中 PID=[257043]
[2026-06-27 06:28:56] [OK] 进程运行中 PID=[257043]
[2026-06-27 06:29:59] [OK] 进程运行中 PID=[257043]
[2026-06-27 06:31:03] [OK] 进程运行中 PID=[257043]
[2026-06-27 06:32:06] [OK] 进程运行中 PID=[257043]
[2026-06-27 06:33:09] [OK] 进程运行中 PID=[257043]
[2026-06-27 06:34:13] [OK] 进程运行中 PID=[257043]
[2026-06-27 06:35:16] [OK] 进程运行中 PID=[257043]
[2026-06-27 06:36:19] [OK] 进程运行中 PID=[257043]
[2026-06-27 06:37:22] [OK] 进程运行中 PID=[257043]
[2026-06-27 06:38:26] [OK] 进程运行中 PID=[257043]
[2026-06-27 06:39:29] [OK] 进程运行中 PID=[257043]
[2026-06-27 06:40:32] [OK] 进程运行中 PID=[257043]
[2026-06-27 06:41:35] [OK] 进程运行中 PID=[257043]
[2026-06-27 06:42:39] [OK] 进程运行中 PID=[257043]
[2026-06-27 06:43:42] [OK] 进程运行中 PID=[257043]
[2026-06-27 06:44:45] [OK] 进程运行中 PID=[257043]
[2026-06-27 06:45:48] [OK] 进程运行中 PID=[257043]
[2026-06-27 06:46:52] [OK] 进程运行中 PID=[257043]
[2026-06-27 06:47:56] [OK] 进程运行中 PID=[257043]
[2026-06-27 06:48:59] [OK] 进程运行中 PID=[257043]
[2026-06-27 06:50:02] [OK] 进程运行中 PID=[257043]
[2026-06-27 06:51:05] [OK] 进程运行中 PID=[257043]
[2026-06-27 06:52:09] [OK] 进程运行中 PID=[257043]
[2026-06-27 06:53:12] [OK] 进程运行中 PID=[257043]
[2026-06-27 06:54:15] [OK] 进程运行中 PID=[257043]
[2026-06-27 06:55:18] [OK] 进程运行中 PID=[257043]
[2026-06-27 06:56:22] [OK] 进程运行中 PID=[257043]
[2026-06-27 06:57:25] [OK] 进程运行中 PID=[257043]
[2026-06-27 06:58:28] [OK] 进程运行中 PID=[257043]
[2026-06-27 06:59:31] [OK] 进程运行中 PID=[257043]
[2026-06-27 07:00:35] [OK] 进程运行中 PID=[257043]
[2026-06-27 07:01:38] [OK] 进程运行中 PID=[257043]
[2026-06-27 07:02:41] [OK] 进程运行中 PID=[257043]
[2026-06-27 07:03:44] [OK] 进程运行中 PID=[257043]
[2026-06-27 07:04:47] [OK] 进程运行中 PID=[257043]
[2026-06-27 07:05:51] [OK] 进程运行中 PID=[257043]
[2026-06-27 07:06:54] [OK] 进程运行中 PID=[257043]
[2026-06-27 07:07:57] [OK] 进程运行中 PID=[257043]
[2026-06-27 07:09:01] [OK] 进程运行中 PID=[257043]
[2026-06-27 07:10:04] [OK] 进程运行中 PID=[257043]
[2026-06-27 07:11:07] [OK] 进程运行中 PID=[257043]
[2026-06-27 07:12:10] [OK] 进程运行中 PID=[257043]
[2026-06-27 07:13:14] [OK] 进程运行中 PID=[257043]
[2026-06-27 07:14:17] [OK] 进程运行中 PID=[257043]
[2026-06-27 07:15:20] [OK] 进程运行中 PID=[257043]
[2026-06-27 07:16:24] [OK] 进程运行中 PID=[257043]
[2026-06-27 07:17:27] [OK] 进程运行中 PID=[257043]
[2026-06-27 07:18:30] [OK] 进程运行中 PID=[257043]
[2026-06-27 07:19:33] [OK] 进程运行中 PID=[257043]
[2026-06-27 07:20:36] [OK] 进程运行中 PID=[257043]
[2026-06-27 07:21:40] [OK] 进程运行中 PID=[257043]
[2026-06-27 07:22:43] [OK] 进程运行中 PID=[257043]
[2026-06-27 07:23:46] [OK] 进程运行中 PID=[257043]
[2026-06-27 07:24:49] [OK] 进程运行中 PID=[257043]
[2026-06-27 07:25:53] [OK] 进程运行中 PID=[257043]
[2026-06-27 07:26:56] [OK] 进程运行中 PID=[257043]
[2026-06-27 07:27:59] [OK] 进程运行中 PID=[257043]
[2026-06-27 07:29:02] [OK] 进程运行中 PID=[257043]
[2026-06-27 07:30:05] [OK] 进程运行中 PID=[257043]
[2026-06-27 07:31:09] [OK] 进程运行中 PID=[257043]
[2026-06-27 07:32:12] [OK] 进程运行中 PID=[257043]
[2026-06-27 07:33:16] [OK] 进程运行中 PID=[257043]
[2026-06-27 07:34:19] [OK] 进程运行中 PID=[257043]
[2026-06-27 07:35:22] [OK] 进程运行中 PID=[257043]
[2026-06-27 07:36:25] [OK] 进程运行中 PID=[257043]
[2026-06-27 07:37:29] [OK] 进程运行中 PID=[257043]
[2026-06-27 07:38:32] [OK] 进程运行中 PID=[257043]
[2026-06-27 07:39:35] [OK] 进程运行中 PID=[257043]
[2026-06-27 07:40:38] [OK] 进程运行中 PID=[257043]
[2026-06-27 07:41:42] [OK] 进程运行中 PID=[257043]
[2026-06-27 07:42:45] [OK] 进程运行中 PID=[257043]
[2026-06-27 07:43:48] [OK] 进程运行中 PID=[257043]
[2026-06-27 07:44:51] [OK] 进程运行中 PID=[257043]
[2026-06-27 07:45:54] [OK] 进程运行中 PID=[257043]
[2026-06-27 07:46:58] [OK] 进程运行中 PID=[257043]
[2026-06-27 07:48:01] [OK] 进程运行中 PID=[257043]
[2026-06-27 07:49:04] [OK] 进程运行中 PID=[257043]
[2026-06-27 07:50:07] [OK] 进程运行中 PID=[257043]
[2026-06-27 07:51:11] [OK] 进程运行中 PID=[257043]
[2026-06-27 07:52:14] [OK] 进程运行中 PID=[257043]
[2026-06-27 07:53:17] [OK] 进程运行中 PID=[257043]
[2026-06-27 07:54:20] [OK] 进程运行中 PID=[257043]
[2026-06-27 07:55:24] [OK] 进程运行中 PID=[257043]
[2026-06-27 07:56:28] [OK] 进程运行中 PID=[257043]
[2026-06-27 07:57:31] [OK] 进程运行中 PID=[257043]
[2026-06-27 07:58:34] [OK] 进程运行中 PID=[257043]
[2026-06-27 07:59:38] [OK] 进程运行中 PID=[257043]
[2026-06-27 08:00:41] [OK] 进程运行中 PID=[257043]
[2026-06-27 08:01:44] [OK] 进程运行中 PID=[257043]
[2026-06-27 08:02:48] [OK] 进程运行中 PID=[257043]
[2026-06-27 08:03:51] [OK] 进程运行中 PID=[257043]
[2026-06-27 08:04:54] [OK] 进程运行中 PID=[257043]
[2026-06-27 08:05:57] [OK] 进程运行中 PID=[257043]
[2026-06-27 08:07:01] [OK] 进程运行中 PID=[257043]
[2026-06-27 08:08:04] [OK] 进程运行中 PID=[257043]
[2026-06-27 08:09:07] [OK] 进程运行中 PID=[257043]
[2026-06-27 08:10:10] [OK] 进程运行中 PID=[257043]
[2026-06-27 08:11:14] [OK] 进程运行中 PID=[257043]
[2026-06-27 08:12:17] [OK] 进程运行中 PID=[257043]
[2026-06-27 08:13:20] [OK] 进程运行中 PID=[257043]
[2026-06-27 08:14:23] [OK] 进程运行中 PID=[257043]
[2026-06-27 08:15:27] [OK] 进程运行中 PID=[257043]
[2026-06-27 08:16:30] [OK] 进程运行中 PID=[257043]
[2026-06-27 08:17:34] [OK] 进程运行中 PID=[257043]
[2026-06-27 08:18:37] [OK] 进程运行中 PID=[257043]
[2026-06-27 08:19:40] [OK] 进程运行中 PID=[257043]
[2026-06-27 08:20:43] [OK] 进程运行中 PID=[257043]
[2026-06-27 08:21:46] [OK] 进程运行中 PID=[257043]
[2026-06-27 08:22:50] [OK] 进程运行中 PID=[257043]
[2026-06-27 08:23:53] [OK] 进程运行中 PID=[257043]
[2026-06-27 08:24:58] [OK] 进程运行中 PID=[257043]
[2026-06-27 08:26:01] [OK] 进程运行中 PID=[257043]
[2026-06-27 08:27:04] [OK] 进程运行中 PID=[257043]
[2026-06-27 08:28:07] [OK] 进程运行中 PID=[257043]
[2026-06-27 08:29:11] [OK] 进程运行中 PID=[257043]
[2026-06-27 08:30:14] [OK] 进程运行中 PID=[257043]
[2026-06-27 08:31:17] [OK] 进程运行中 PID=[257043]
[2026-06-27 08:32:20] [OK] 进程运行中 PID=[257043]
[2026-06-27 08:33:24] [OK] 进程运行中 PID=[257043]
[2026-06-27 08:34:27] [OK] 进程运行中 PID=[257043]
[2026-06-27 08:35:30] [OK] 进程运行中 PID=[257043]
[2026-06-27 08:36:33] [OK] 进程运行中 PID=[257043]
[2026-06-27 08:37:37] [OK] 进程运行中 PID=[257043]
[2026-06-27 08:38:40] [OK] 进程运行中 PID=[257043]
[2026-06-27 08:39:43] [OK] 进程运行中 PID=[257043]
[2026-06-27 08:40:46] [OK] 进程运行中 PID=[257043]
[2026-06-27 08:41:50] [OK] 进程运行中 PID=[257043]
[2026-06-27 08:42:53] [OK] 进程运行中 PID=[257043]
[2026-06-27 08:43:56] [OK] 进程运行中 PID=[257043]
[2026-06-27 08:44:59] [OK] 进程运行中 PID=[257043]
[2026-06-27 08:46:03] [OK] 进程运行中 PID=[257043]
[2026-06-27 08:47:06] [OK] 进程运行中 PID=[257043]
[2026-06-27 08:48:09] [OK] 进程运行中 PID=[257043]
[2026-06-27 08:49:12] [OK] 进程运行中 PID=[257043]
[2026-06-27 08:50:16] [OK] 进程运行中 PID=[257043]
[2026-06-27 08:51:19] [OK] 进程运行中 PID=[257043]
[2026-06-27 08:52:22] [OK] 进程运行中 PID=[257043]
[2026-06-27 08:53:25] [OK] 进程运行中 PID=[257043]
[2026-06-27 08:54:29] [OK] 进程运行中 PID=[257043]
[2026-06-27 08:55:32] [OK] 进程运行中 PID=[257043]
[2026-06-27 08:56:35] [OK] 进程运行中 PID=[257043]
[2026-06-27 08:57:38] [OK] 进程运行中 PID=[257043]
[2026-06-27 08:58:42] [OK] 进程运行中 PID=[257043]
[2026-06-27 08:59:45] [OK] 进程运行中 PID=[257043]
[2026-06-27 09:00:48] [OK] 进程运行中 PID=[257043]
[2026-06-27 09:01:51] [OK] 进程运行中 PID=[257043]
[2026-06-27 09:02:54] [OK] 进程运行中 PID=[257043]
[2026-06-27 09:03:58] [OK] 进程运行中 PID=[257043]
[2026-06-27 09:05:01] [OK] 进程运行中 PID=[257043]
[2026-06-27 09:06:04] [OK] 进程运行中 PID=[257043]
[2026-06-27 09:07:07] [OK] 进程运行中 PID=[257043]
[2026-06-27 09:08:11] [OK] 进程运行中 PID=[257043]
[2026-06-27 09:09:14] [OK] 进程运行中 PID=[257043]
[2026-06-27 09:10:17] [OK] 进程运行中 PID=[257043]
[2026-06-27 09:11:21] [OK] 进程运行中 PID=[257043]
[2026-06-27 09:12:24] [OK] 进程运行中 PID=[257043]
[2026-06-27 09:13:27] [OK] 进程运行中 PID=[257043]
[2026-06-27 09:14:30] [OK] 进程运行中 PID=[257043]
[2026-06-27 09:15:34] [OK] 进程运行中 PID=[257043]
[2026-06-27 09:16:37] [OK] 进程运行中 PID=[257043]
[2026-06-27 09:17:40] [OK] 进程运行中 PID=[257043]
[2026-06-27 09:18:43] [OK] 进程运行中 PID=[257043]
[2026-06-27 09:19:46] [OK] 进程运行中 PID=[257043]
[2026-06-27 09:20:50] [OK] 进程运行中 PID=[257043]
[2026-06-27 09:21:53] [OK] 进程运行中 PID=[257043]
[2026-06-27 09:22:56] [OK] 进程运行中 PID=[257043]
[2026-06-27 09:23:59] [OK] 进程运行中 PID=[257043]
[2026-06-27 09:25:03] [OK] 进程运行中 PID=[257043]
[2026-06-27 09:26:06] [OK] 进程运行中 PID=[257043]
[2026-06-27 09:27:09] [OK] 进程运行中 PID=[257043]
[2026-06-27 09:28:13] [OK] 进程运行中 PID=[257043]
[2026-06-27 09:29:16] [OK] 进程运行中 PID=[257043]
[2026-06-27 09:30:19] [OK] 进程运行中 PID=[257043]
[2026-06-27 09:31:22] [OK] 进程运行中 PID=[257043]
[2026-06-27 09:32:26] [OK] 进程运行中 PID=[257043]
[2026-06-27 09:33:29] [OK] 进程运行中 PID=[257043]
[2026-06-27 09:34:32] [OK] 进程运行中 PID=[257043]
[2026-06-27 09:35:35] [OK] 进程运行中 PID=[257043]
[2026-06-27 09:36:39] [OK] 进程运行中 PID=[257043]
[2026-06-27 09:37:42] [OK] 进程运行中 PID=[257043]
[2026-06-27 09:38:45] [OK] 进程运行中 PID=[257043]
[2026-06-27 09:39:48] [OK] 进程运行中 PID=[257043]
[2026-06-27 09:40:51] [OK] 进程运行中 PID=[257043]
[2026-06-27 09:41:55] [OK] 进程运行中 PID=[257043]
[2026-06-27 09:42:58] [OK] 进程运行中 PID=[257043]
[2026-06-27 09:44:01] [OK] 进程运行中 PID=[257043]
[2026-06-27 09:45:05] [OK] 进程运行中 PID=[257043]
[2026-06-27 09:46:08] [OK] 进程运行中 PID=[257043]
[2026-06-27 09:47:11] [OK] 进程运行中 PID=[257043]
[2026-06-27 09:48:14] [OK] 进程运行中 PID=[257043]
[2026-06-27 09:49:18] [OK] 进程运行中 PID=[257043]
[2026-06-27 09:50:21] [OK] 进程运行中 PID=[257043]
[2026-06-27 09:51:24] [OK] 进程运行中 PID=[257043]
[2026-06-27 09:52:27] [OK] 进程运行中 PID=[257043]
[2026-06-27 09:53:31] [OK] 进程运行中 PID=[257043]
[2026-06-27 09:54:34] [OK] 进程运行中 PID=[257043]
[2026-06-27 09:55:37] [OK] 进程运行中 PID=[257043]
[2026-06-27 09:56:40] [OK] 进程运行中 PID=[257043]
[2026-06-27 09:57:44] [OK] 进程运行中 PID=[257043]
[2026-06-27 09:58:47] [OK] 进程运行中 PID=[257043]
[2026-06-27 09:59:50] [OK] 进程运行中 PID=[257043]
[2026-06-27 10:00:53] [OK] 进程运行中 PID=[257043]
[2026-06-27 10:01:56] [OK] 进程运行中 PID=[257043]
[2026-06-27 10:03:00] [OK] 进程运行中 PID=[257043]
[2026-06-27 10:04:03] [OK] 进程运行中 PID=[257043]
[2026-06-27 10:05:06] [OK] 进程运行中 PID=[257043]
[2026-06-27 10:06:10] [OK] 进程运行中 PID=[257043]
[2026-06-27 10:07:13] [OK] 进程运行中 PID=[257043]
[2026-06-27 10:08:16] [OK] 进程运行中 PID=[257043]
[2026-06-27 10:09:20] [OK] 进程运行中 PID=[257043]
[2026-06-27 10:10:23] [OK] 进程运行中 PID=[257043]
[2026-06-27 10:11:26] [OK] 进程运行中 PID=[257043]
[2026-06-27 10:12:32] [OK] 进程运行中 PID=[257043]
[2026-06-27 10:13:35] [OK] 进程运行中 PID=[257043]
[2026-06-27 10:14:38] [OK] 进程运行中 PID=[257043]
[2026-06-27 10:15:41] [OK] 进程运行中 PID=[257043]
[2026-06-27 10:16:44] [OK] 进程运行中 PID=[257043]
[2026-06-27 10:17:48] [OK] 进程运行中 PID=[257043]
[2026-06-27 10:18:51] [OK] 进程运行中 PID=[257043]
[2026-06-27 10:19:54] [OK] 进程运行中 PID=[257043]
[2026-06-27 10:20:58] [OK] 进程运行中 PID=[257043]
[2026-06-27 10:22:01] [OK] 进程运行中 PID=[257043]
[2026-06-27 10:23:04] [OK] 进程运行中 PID=[257043]
[2026-06-27 10:24:07] [OK] 进程运行中 PID=[257043]
[2026-06-27 10:25:10] [OK] 进程运行中 PID=[257043]
[2026-06-27 10:26:14] [OK] 进程运行中 PID=[257043]
[2026-06-27 10:27:17] [OK] 进程运行中 PID=[257043]
[2026-06-27 10:28:20] [OK] 进程运行中 PID=[257043]
[2026-06-27 10:29:23] [OK] 进程运行中 PID=[257043]
[2026-06-27 10:30:27] [OK] 进程运行中 PID=[257043]
[2026-06-27 10:31:30] [OK] 进程运行中 PID=[257043]
[2026-06-27 10:32:33] [OK] 进程运行中 PID=[257043]
[2026-06-27 10:33:36] [OK] 进程运行中 PID=[257043]
[2026-06-27 10:34:39] [OK] 进程运行中 PID=[257043]
[2026-06-27 10:35:43] [OK] 进程运行中 PID=[257043]
[2026-06-27 10:36:46] [OK] 进程运行中 PID=[257043]
[2026-06-27 10:37:49] [OK] 进程运行中 PID=[257043]
[2026-06-27 10:38:52] [OK] 进程运行中 PID=[257043]
[2026-06-27 10:39:55] [OK] 进程运行中 PID=[257043]
[2026-06-27 10:40:59] [OK] 进程运行中 PID=[257043]
[2026-06-27 10:42:02] [OK] 进程运行中 PID=[257043]
[2026-06-27 10:43:05] [OK] 进程运行中 PID=[257043]
[2026-06-27 10:44:08] [OK] 进程运行中 PID=[257043]
[2026-06-27 10:45:12] [OK] 进程运行中 PID=[257043]
[2026-06-27 10:46:15] [OK] 进程运行中 PID=[257043]
[2026-06-27 10:47:18] [OK] 进程运行中 PID=[257043]
[2026-06-27 10:48:21] [OK] 进程运行中 PID=[257043]
[2026-06-27 10:49:25] [OK] 进程运行中 PID=[257043]
[2026-06-27 10:50:28] [OK] 进程运行中 PID=[257043]
[2026-06-27 10:51:31] [OK] 进程运行中 PID=[257043]
[2026-06-27 10:52:34] [OK] 进程运行中 PID=[257043]
[2026-06-27 10:53:37] [OK] 进程运行中 PID=[257043]
[2026-06-27 10:54:41] [OK] 进程运行中 PID=[257043]
[2026-06-27 10:55:44] [OK] 进程运行中 PID=[257043]
[2026-06-27 10:56:47] [OK] 进程运行中 PID=[257043]
[2026-06-27 10:57:50] [OK] 进程运行中 PID=[257043]
[2026-06-27 10:58:54] [OK] 进程运行中 PID=[257043]
[2026-06-27 10:59:57] [OK] 进程运行中 PID=[257043]
[2026-06-27 11:01:00] [OK] 进程运行中 PID=[257043]
[2026-06-27 11:02:04] [OK] 进程运行中 PID=[257043]
[2026-06-27 11:03:07] [OK] 进程运行中 PID=[257043]
[2026-06-27 11:04:10] [OK] 进程运行中 PID=[257043]
[2026-06-27 11:05:13] [OK] 进程运行中 PID=[257043]
[2026-06-27 11:06:17] [OK] 进程运行中 PID=[257043]
[2026-06-27 11:07:20] [OK] 进程运行中 PID=[257043]
[2026-06-27 11:08:23] [OK] 进程运行中 PID=[257043]
[2026-06-27 11:09:27] [OK] 进程运行中 PID=[257043]
[2026-06-27 11:10:30] [OK] 进程运行中 PID=[257043]
[2026-06-27 11:11:33] [OK] 进程运行中 PID=[257043]
[2026-06-27 11:12:36] [OK] 进程运行中 PID=[257043]
[2026-06-27 11:13:40] [OK] 进程运行中 PID=[257043]
[2026-06-27 11:14:43] [OK] 进程运行中 PID=[257043]
[2026-06-27 11:15:46] [OK] 进程运行中 PID=[257043]
[2026-06-27 11:16:49] [OK] 进程运行中 PID=[257043]
[2026-06-27 11:17:53] [OK] 进程运行中 PID=[257043]
[2026-06-27 11:18:56] [OK] 进程运行中 PID=[257043]
[2026-06-27 11:19:59] [OK] 进程运行中 PID=[257043]
[2026-06-27 11:21:03] [OK] 进程运行中 PID=[257043]
[2026-06-27 11:22:06] [OK] 进程运行中 PID=[257043]
[2026-06-27 11:23:09] [OK] 进程运行中 PID=[257043]
[2026-06-27 11:24:13] [OK] 进程运行中 PID=[257043]
[2026-06-27 11:25:16] [OK] 进程运行中 PID=[257043]
[2026-06-27 11:26:19] [OK] 进程运行中 PID=[257043]
[2026-06-27 11:27:22] [OK] 进程运行中 PID=[257043]
[2026-06-27 11:28:26] [OK] 进程运行中 PID=[257043]
[2026-06-27 11:29:29] [OK] 进程运行中 PID=[257043]
[2026-06-27 11:30:32] [OK] 进程运行中 PID=[257043]
[2026-06-27 11:31:35] [OK] 进程运行中 PID=[257043]
[2026-06-27 11:32:39] [OK] 进程运行中 PID=[257043]
[2026-06-27 11:33:42] [OK] 进程运行中 PID=[257043]
[2026-06-27 11:34:45] [OK] 进程运行中 PID=[257043]
[2026-06-27 11:35:48] [OK] 进程运行中 PID=[257043]
[2026-06-27 11:36:52] [OK] 进程运行中 PID=[257043]
[2026-06-27 11:37:55] [OK] 进程运行中 PID=[257043]
[2026-06-27 11:38:58] [OK] 进程运行中 PID=[257043]
[2026-06-27 11:40:01] [OK] 进程运行中 PID=[257043]
[2026-06-27 11:41:05] [OK] 进程运行中 PID=[257043]
[2026-06-27 11:42:08] [OK] 进程运行中 PID=[257043]
[2026-06-27 11:43:11] [OK] 进程运行中 PID=[257043]
[2026-06-27 11:44:14] [OK] 进程运行中 PID=[257043]
[2026-06-27 11:45:17] [OK] 进程运行中 PID=[257043]
[2026-06-27 11:46:21] [OK] 进程运行中 PID=[257043]
[2026-06-27 11:47:24] [OK] 进程运行中 PID=[257043]
[2026-06-27 11:48:27] [OK] 进程运行中 PID=[257043]
[2026-06-27 11:49:30] [OK] 进程运行中 PID=[257043]
[2026-06-27 11:50:34] [OK] 进程运行中 PID=[257043]
[2026-06-27 11:51:37] [OK] 进程运行中 PID=[257043]
[2026-06-27 11:52:40] [OK] 进程运行中 PID=[257043]
[2026-06-27 11:53:43] [OK] 进程运行中 PID=[257043]
[2026-06-27 11:54:46] [OK] 进程运行中 PID=[257043]
[2026-06-27 11:55:50] [OK] 进程运行中 PID=[257043]
[2026-06-27 11:56:53] [OK] 进程运行中 PID=[257043]
[2026-06-27 11:57:56] [OK] 进程运行中 PID=[257043]
[2026-06-27 11:58:59] [OK] 进程运行中 PID=[257043]
[2026-06-27 12:00:03] [OK] 进程运行中 PID=[257043]
[2026-06-27 12:01:06] [OK] 进程运行中 PID=[257043]
[2026-06-27 12:02:10] [OK] 进程运行中 PID=[257043]
[2026-06-27 12:03:13] [OK] 进程运行中 PID=[257043]
[2026-06-27 12:04:16] [OK] 进程运行中 PID=[257043]
[2026-06-27 12:05:19] [OK] 进程运行中 PID=[257043]
[2026-06-27 12:06:22] [OK] 进程运行中 PID=[257043]
[2026-06-27 12:07:25] [OK] 进程运行中 PID=[257043]
[2026-06-27 12:08:29] [OK] 进程运行中 PID=[257043]
[2026-06-27 12:09:32] [OK] 进程运行中 PID=[257043]
[2026-06-27 12:10:35] [OK] 进程运行中 PID=[257043]
[2026-06-27 12:11:38] [OK] 进程运行中 PID=[257043]
[2026-06-27 12:12:42] [OK] 进程运行中 PID=[257043]
[2026-06-27 12:13:45] [OK] 进程运行中 PID=[257043]
[2026-06-27 12:14:48] [OK] 进程运行中 PID=[257043]
[2026-06-27 12:15:51] [OK] 进程运行中 PID=[257043]
[2026-06-27 12:16:55] [OK] 进程运行中 PID=[257043]
[2026-06-27 12:17:58] [OK] 进程运行中 PID=[257043]
[2026-06-27 12:19:01] [OK] 进程运行中 PID=[257043]
[2026-06-27 12:20:04] [OK] 进程运行中 PID=[257043]
[2026-06-27 12:21:08] [OK] 进程运行中 PID=[257043]
[2026-06-27 12:22:12] [OK] 进程运行中 PID=[257043]
[2026-06-27 12:23:15] [OK] 进程运行中 PID=[257043]
[2026-06-27 12:24:18] [OK] 进程运行中 PID=[257043]
[2026-06-27 12:25:21] [OK] 进程运行中 PID=[257043]
[2026-06-27 12:26:25] [OK] 进程运行中 PID=[257043]
[2026-06-27 12:27:28] [OK] 进程运行中 PID=[257043]
[2026-06-27 12:28:31] [OK] 进程运行中 PID=[257043]
[2026-06-27 12:29:34] [OK] 进程运行中 PID=[257043]
[2026-06-27 12:30:37] [OK] 进程运行中 PID=[257043]
[2026-06-27 12:31:41] [OK] 进程运行中 PID=[257043]
[2026-06-27 12:32:44] [OK] 进程运行中 PID=[257043]
[2026-06-27 12:33:47] [OK] 进程运行中 PID=[257043]
[2026-06-27 12:34:50] [OK] 进程运行中 PID=[257043]
[2026-06-27 12:35:54] [OK] 进程运行中 PID=[257043]
[2026-06-27 12:36:57] [OK] 进程运行中 PID=[257043]
[2026-06-27 12:38:00] [OK] 进程运行中 PID=[257043]
[2026-06-27 12:39:04] [OK] 进程运行中 PID=[257043]
[2026-06-27 12:40:07] [OK] 进程运行中 PID=[257043]
[2026-06-27 12:41:10] [OK] 进程运行中 PID=[257043]
[2026-06-27 12:42:14] [OK] 进程运行中 PID=[257043]
[2026-06-27 12:43:18] [OK] 进程运行中 PID=[257043]
[2026-06-27 12:44:21] [OK] 进程运行中 PID=[257043]
[2026-06-27 12:45:25] [OK] 进程运行中 PID=[257043]
[2026-06-27 12:46:28] [OK] 进程运行中 PID=[257043]
[2026-06-27 12:47:31] [OK] 进程运行中 PID=[257043]
[2026-06-27 12:48:34] [OK] 进程运行中 PID=[257043]
[2026-06-27 12:49:38] [OK] 进程运行中 PID=[257043]
[2026-06-27 12:50:41] [OK] 进程运行中 PID=[257043]
[2026-06-27 12:51:44] [OK] 进程运行中 PID=[257043]
[2026-06-27 12:52:47] [OK] 进程运行中 PID=[257043]
[2026-06-27 12:53:51] [OK] 进程运行中 PID=[257043]
[2026-06-27 12:54:54] [OK] 进程运行中 PID=[257043]
[2026-06-27 12:55:57] [OK] 进程运行中 PID=[257043]
[2026-06-27 12:57:01] [OK] 进程运行中 PID=[257043]
[2026-06-27 12:58:04] [OK] 进程运行中 PID=[257043]
[2026-06-27 12:59:07] [OK] 进程运行中 PID=[257043]
[2026-06-27 13:00:10] [OK] 进程运行中 PID=[257043]
[2026-06-27 13:01:14] [OK] 进程运行中 PID=[257043]
[2026-06-27 13:02:17] [OK] 进程运行中 PID=[257043]
[2026-06-27 13:03:21] [OK] 进程运行中 PID=[257043]
[2026-06-27 13:04:24] [OK] 进程运行中 PID=[374739]
[2026-06-27 13:05:28] [OK] 进程运行中 PID=[374739]
[2026-06-27 13:06:31] [OK] 进程运行中 PID=[374739]
[2026-06-27 13:07:34] [OK] 进程运行中 PID=[375719, 375729]
[2026-06-27 13:08:38] [OK] 进程运行中 PID=[375729]
[2026-06-27 13:09:41] [OK] 进程运行中 PID=[375729]
[2026-06-27 13:10:44] [OK] 进程运行中 PID=[375729]
[2026-06-27 13:11:47] [OK] 进程运行中 PID=[375729]
[2026-06-27 13:12:51] [OK] 进程运行中 PID=[375729]
[2026-06-27 13:13:54] [OK] 进程运行中 PID=[375729]
[2026-06-27 13:14:57] [OK] 进程运行中 PID=[377647]
[2026-06-27 13:16:01] [OK] 进程运行中 PID=[377647]
[2026-06-27 13:17:04] [OK] 进程运行中 PID=[377647]
[2026-06-27 13:18:07] [OK] 进程运行中 PID=[377647]
[2026-06-27 13:19:11] [OK] 进程运行中 PID=[377647]
[2026-06-27 13:20:14] [OK] 进程运行中 PID=[377647]
[2026-06-27 13:21:17] [OK] 进程运行中 PID=[377647]
[2026-06-27 13:22:20] [OK] 进程运行中 PID=[377647]
[2026-06-27 13:23:23] [OK] 进程运行中 PID=[377647]
[2026-06-27 13:24:27] [OK] 进程运行中 PID=[377647]
[2026-06-27 13:25:30] [OK] 进程运行中 PID=[377647]
[2026-06-27 13:26:33] [OK] 进程运行中 PID=[377647]
[2026-06-27 13:27:36] [OK] 进程运行中 PID=[377647]
[2026-06-27 13:28:40] [OK] 进程运行中 PID=[377647]
[2026-06-27 13:29:43] [OK] 进程运行中 PID=[377647]
[2026-06-27 13:30:46] [OK] 进程运行中 PID=[377647]
[2026-06-27 13:31:49] [OK] 进程运行中 PID=[377647]
[2026-06-27 13:32:53] [OK] 进程运行中 PID=[377647]
[2026-06-27 13:33:56] [OK] 进程运行中 PID=[377647]
[2026-06-27 13:34:59] [OK] 进程运行中 PID=[377647]
[2026-06-27 13:36:02] [OK] 进程运行中 PID=[377647]
[2026-06-27 13:37:06] [OK] 进程运行中 PID=[377647]
[2026-06-27 13:38:09] [OK] 进程运行中 PID=[377647]
[2026-06-27 13:39:12] [OK] 进程运行中 PID=[377647]
